execve("./script4.sh", ["./script4.sh", "new_dir"], 0x7ffec13b1320 /* 45 vars */) = 0
brk(NULL)                               = 0x5e1e9db18000
arch_prctl(0x3001 /* ARCH_??? */, 0x7ffe2deddd00) = -1 EINVAL (Недопустимый аргумент)
mmap(NULL, 8192, PROT_READ|PROT_WRITE, MAP_PRIVATE|MAP_ANONYMOUS, -1, 0) = 0x78ccbaa24000
access("/etc/ld.so.preload", R_OK)      = -1 ENOENT (Нет такого файла или каталога)
openat(AT_FDCWD, "/etc/ld.so.cache", O_RDONLY|O_CLOEXEC) = 3
newfstatat(3, "", {st_mode=S_IFREG|0644, st_size=59763, ...}, AT_EMPTY_PATH) = 0
mmap(NULL, 59763, PROT_READ, MAP_PRIVATE, 3, 0) = 0x78ccbaa15000
close(3)                                = 0
openat(AT_FDCWD, "/lib/x86_64-linux-gnu/libtinfo.so.6", O_RDONLY|O_CLOEXEC) = 3
read(3, "\177ELF\2\1\1\0\0\0\0\0\0\0\0\0\3\0>\0\1\0\0\0\0\0\0\0\0\0\0\0"..., 832) = 832
newfstatat(3, "", {st_mode=S_IFREG|0644, st_size=200136, ...}, AT_EMPTY_PATH) = 0
mmap(NULL, 203040, PROT_READ, MAP_PRIVATE|MAP_DENYWRITE, 3, 0) = 0x78ccba9e3000
mmap(0x78ccba9f1000, 69632, PROT_READ|PROT_EXEC, MAP_PRIVATE|MAP_FIXED|MAP_DENYWRITE, 3, 0xe000) = 0x78ccba9f1000
mmap(0x78ccbaa02000, 57344, PROT_READ, MAP_PRIVATE|MAP_FIXED|MAP_DENYWRITE, 3, 0x1f000) = 0x78ccbaa02000
mmap(0x78ccbaa10000, 20480, PROT_READ|PROT_WRITE, MAP_PRIVATE|MAP_FIXED|MAP_DENYWRITE, 3, 0x2c000) = 0x78ccbaa10000
close(3)                                = 0
openat(AT_FDCWD, "/lib/x86_64-linux-gnu/libc.so.6", O_RDONLY|O_CLOEXEC) = 3
read(3, "\177ELF\2\1\1\3\0\0\0\0\0\0\0\0\3\0>\0\1\0\0\0\20\203\2\0\0\0\0\0"..., 832) = 832
pread64(3, "\6\0\0\0\4\0\0\0@\0\0\0\0\0\0\0@\0\0\0\0\0\0\0@\0\0\0\0\0\0\0"..., 784, 64) = 784
newfstatat(3, "", {st_mode=S_IFREG|0755, st_size=2105184, ...}, AT_EMPTY_PATH) = 0
pread64(3, "\6\0\0\0\4\0\0\0@\0\0\0\0\0\0\0@\0\0\0\0\0\0\0@\0\0\0\0\0\0\0"..., 784, 64) = 784
mmap(NULL, 2150256, PROT_READ, MAP_PRIVATE|MAP_DENYWRITE, 3, 0) = 0x78ccba600000
mmap(0x78ccba626000, 1568768, PROT_READ|PROT_EXEC, MAP_PRIVATE|MAP_FIXED|MAP_DENYWRITE, 3, 0x26000) = 0x78ccba626000
mmap(0x78ccba7a5000, 348160, PROT_READ, MAP_PRIVATE|MAP_FIXED|MAP_DENYWRITE, 3, 0x1a5000) = 0x78ccba7a5000
mmap(0x78ccba7fa000, 24576, PROT_READ|PROT_WRITE, MAP_PRIVATE|MAP_FIXED|MAP_DENYWRITE, 3, 0x1f9000) = 0x78ccba7fa000
mmap(0x78ccba800000, 53104, PROT_READ|PROT_WRITE, MAP_PRIVATE|MAP_FIXED|MAP_ANONYMOUS, -1, 0) = 0x78ccba800000
close(3)                                = 0
mmap(NULL, 12288, PROT_READ|PROT_WRITE, MAP_PRIVATE|MAP_ANONYMOUS, -1, 0) = 0x78ccba9e0000
arch_prctl(ARCH_SET_FS, 0x78ccba9e0740) = 0
set_tid_address(0x78ccba9e0a10)         = 312971
set_robust_list(0x78ccba9e0a20, 24)     = 0
rseq(0x78ccba9e1060, 0x20, 0, 0x53053053) = 0
mprotect(0x78ccba7fa000, 16384, PROT_READ) = 0
mprotect(0x78ccbaa10000, 16384, PROT_READ) = 0
mprotect(0x5e1e9bbfd000, 16384, PROT_READ) = 0
mprotect(0x78ccbaa5b000, 8192, PROT_READ) = 0
prlimit64(0, RLIMIT_STACK, NULL, {rlim_cur=8192*1024, rlim_max=RLIM64_INFINITY}) = 0
munmap(0x78ccbaa15000, 59763)           = 0
openat(AT_FDCWD, "/dev/tty", O_RDWR|O_NONBLOCK) = 3
close(3)                                = 0
getrandom("\xd6\x16\x4c\xde\xe3\x21\x42\x97", 8, GRND_NONBLOCK) = 8
brk(NULL)                               = 0x5e1e9db18000
brk(0x5e1e9db39000)                     = 0x5e1e9db39000
openat(AT_FDCWD, "/usr/lib/locale/locale-archive", O_RDONLY|O_CLOEXEC) = 3
newfstatat(3, "", {st_mode=S_IFREG|0644, st_size=5725472, ...}, AT_EMPTY_PATH) = 0
mmap(NULL, 5725472, PROT_READ, MAP_PRIVATE, 3, 0) = 0x78ccba000000
close(3)                                = 0
openat(AT_FDCWD, "/usr/lib/x86_64-linux-gnu/gconv/gconv-modules.cache", O_RDONLY|O_CLOEXEC) = 3
newfstatat(3, "", {st_mode=S_IFREG|0644, st_size=27028, ...}, AT_EMPTY_PATH) = 0
mmap(NULL, 27028, PROT_READ, MAP_SHARED, 3, 0) = 0x78ccbaa1d000
close(3)                                = 0
futex(0x78ccba7ff90c, FUTEX_WAKE_PRIVATE, 2147483647) = 0
getuid()                                = 1000
getgid()                                = 1000
geteuid()                               = 1000
getegid()                               = 1000
rt_sigprocmask(SIG_BLOCK, NULL, [], 8)  = 0
ioctl(-1, TIOCGPGRP, 0x7ffe2deddb84)    = -1 EBADF (Неправильный дескриптор файла)
sysinfo({uptime=549426, loads=[48736, 41568, 42464], totalram=16441909248, freeram=623529984, sharedram=5442605056, bufferram=57257984, totalswap=2147479552, freeswap=1029435392, procs=1782, totalhigh=0, freehigh=0, mem_unit=1}) = 0
rt_sigaction(SIGCHLD, {sa_handler=SIG_DFL, sa_mask=[], sa_flags=SA_RESTORER|SA_RESTART, sa_restorer=0x78ccba642990}, {sa_handler=SIG_DFL, sa_mask=[], sa_flags=0}, 8) = 0
rt_sigaction(SIGCHLD, {sa_handler=SIG_DFL, sa_mask=[], sa_flags=SA_RESTORER|SA_RESTART, sa_restorer=0x78ccba642990}, {sa_handler=SIG_DFL, sa_mask=[], sa_flags=SA_RESTORER|SA_RESTART, sa_restorer=0x78ccba642990}, 8) = 0
rt_sigaction(SIGINT, {sa_handler=SIG_DFL, sa_mask=[], sa_flags=SA_RESTORER, sa_restorer=0x78ccba642990}, {sa_handler=SIG_DFL, sa_mask=[], sa_flags=0}, 8) = 0
rt_sigaction(SIGINT, {sa_handler=SIG_DFL, sa_mask=[], sa_flags=SA_RESTORER, sa_restorer=0x78ccba642990}, {sa_handler=SIG_DFL, sa_mask=[], sa_flags=SA_RESTORER, sa_restorer=0x78ccba642990}, 8) = 0
rt_sigaction(SIGQUIT, {sa_handler=SIG_DFL, sa_mask=[], sa_flags=SA_RESTORER, sa_restorer=0x78ccba642990}, {sa_handler=SIG_DFL, sa_mask=[], sa_flags=0}, 8) = 0
rt_sigaction(SIGQUIT, {sa_handler=SIG_DFL, sa_mask=[], sa_flags=SA_RESTORER, sa_restorer=0x78ccba642990}, {sa_handler=SIG_DFL, sa_mask=[], sa_flags=SA_RESTORER, sa_restorer=0x78ccba642990}, 8) = 0
rt_sigaction(SIGTSTP, {sa_handler=SIG_DFL, sa_mask=[], sa_flags=SA_RESTORER, sa_restorer=0x78ccba642990}, {sa_handler=SIG_DFL, sa_mask=[], sa_flags=0}, 8) = 0
rt_sigaction(SIGTSTP, {sa_handler=SIG_DFL, sa_mask=[], sa_flags=SA_RESTORER, sa_restorer=0x78ccba642990}, {sa_handler=SIG_DFL, sa_mask=[], sa_flags=SA_RESTORER, sa_restorer=0x78ccba642990}, 8) = 0
rt_sigaction(SIGTTIN, {sa_handler=SIG_DFL, sa_mask=[], sa_flags=SA_RESTORER, sa_restorer=0x78ccba642990}, {sa_handler=SIG_DFL, sa_mask=[], sa_flags=0}, 8) = 0
rt_sigaction(SIGTTIN, {sa_handler=SIG_DFL, sa_mask=[], sa_flags=SA_RESTORER, sa_restorer=0x78ccba642990}, {sa_handler=SIG_DFL, sa_mask=[], sa_flags=SA_RESTORER, sa_restorer=0x78ccba642990}, 8) = 0
rt_sigaction(SIGTTOU, {sa_handler=SIG_DFL, sa_mask=[], sa_flags=SA_RESTORER, sa_restorer=0x78ccba642990}, {sa_handler=SIG_DFL, sa_mask=[], sa_flags=0}, 8) = 0
rt_sigaction(SIGTTOU, {sa_handler=SIG_DFL, sa_mask=[], sa_flags=SA_RESTORER, sa_restorer=0x78ccba642990}, {sa_handler=SIG_DFL, sa_mask=[], sa_flags=SA_RESTORER, sa_restorer=0x78ccba642990}, 8) = 0
rt_sigprocmask(SIG_BLOCK, NULL, [], 8)  = 0
rt_sigaction(SIGQUIT, {sa_handler=SIG_IGN, sa_mask=[], sa_flags=SA_RESTORER, sa_restorer=0x78ccba642990}, {sa_handler=SIG_DFL, sa_mask=[], sa_flags=SA_RESTORER, sa_restorer=0x78ccba642990}, 8) = 0
uname({sysname="Linux", nodename="julia-ZenBook", ...}) = 0
newfstatat(AT_FDCWD, "/home/julia/OS/lb7", {st_mode=S_IFDIR|0775, st_size=4096, ...}, 0) = 0
newfstatat(AT_FDCWD, ".", {st_mode=S_IFDIR|0775, st_size=4096, ...}, 0) = 0
newfstatat(AT_FDCWD, "/home", {st_mode=S_IFDIR|0755, st_size=4096, ...}, 0) = 0
newfstatat(AT_FDCWD, "/home/julia", {st_mode=S_IFDIR|0750, st_size=4096, ...}, 0) = 0
newfstatat(AT_FDCWD, "/home/julia/OS", {st_mode=S_IFDIR|0775, st_size=4096, ...}, 0) = 0
newfstatat(AT_FDCWD, "/home/julia/OS/lb7", {st_mode=S_IFDIR|0775, st_size=4096, ...}, 0) = 0
newfstatat(AT_FDCWD, "/home/julia", {st_mode=S_IFDIR|0750, st_size=4096, ...}, 0) = 0
getpid()                                = 312971
getppid()                               = 312968
getpid()                                = 312971
getppid()                               = 312968
getpid()                                = 312971
getppid()                               = 312968
getpgrp()                               = 312968
ioctl(2, TIOCGPGRP, [312968])           = 0
rt_sigaction(SIGCHLD, {sa_handler=0x5e1e9bb12d70, sa_mask=[], sa_flags=SA_RESTORER|SA_RESTART, sa_restorer=0x78ccba642990}, {sa_handler=SIG_DFL, sa_mask=[], sa_flags=SA_RESTORER|SA_RESTART, sa_restorer=0x78ccba642990}, 8) = 0
prlimit64(0, RLIMIT_NPROC, NULL, {rlim_cur=62421, rlim_max=62421}) = 0
rt_sigprocmask(SIG_BLOCK, NULL, [], 8)  = 0
openat(AT_FDCWD, "./script4.sh", O_RDONLY) = 3
newfstatat(AT_FDCWD, "./script4.sh", {st_mode=S_IFREG|0775, st_size=150, ...}, 0) = 0
ioctl(3, TCGETS, 0x7ffe2deddb20)        = -1 ENOTTY (Неприменимый к данному устройству ioctl)
lseek(3, 0, SEEK_CUR)                   = 0
read(3, "#!/bin/bash\n\n#\320\262\320\262\320\276\320\264\320\270\320\274\320\260\321\217 \320"..., 80) = 80
lseek(3, 0, SEEK_SET)                   = 0
prlimit64(0, RLIMIT_NOFILE, NULL, {rlim_cur=1024, rlim_max=1024*1024}) = 0
fcntl(255, F_GETFD)                     = -1 EBADF (Неправильный дескриптор файла)
dup2(3, 255)                            = 255
close(3)                                = 0
fcntl(255, F_SETFD, FD_CLOEXEC)         = 0
fcntl(255, F_GETFL)                     = 0x8000 (flags O_RDONLY|O_LARGEFILE)
newfstatat(255, "", {st_mode=S_IFREG|0775, st_size=150, ...}, AT_EMPTY_PATH) = 0
lseek(255, 0, SEEK_CUR)                 = 0
read(255, "#!/bin/bash\n\n#\320\262\320\262\320\276\320\264\320\270\320\274\320\260\321\217 \320"..., 150) = 150
newfstatat(AT_FDCWD, ".", {st_mode=S_IFDIR|0775, st_size=4096, ...}, 0) = 0
newfstatat(AT_FDCWD, "/home/julia/.local/bin/touch", 0x7ffe2dedd610, 0) = -1 ENOENT (Нет такого файла или каталога)
newfstatat(AT_FDCWD, "/usr/local/sbin/touch", 0x7ffe2dedd610, 0) = -1 ENOENT (Нет такого файла или каталога)
newfstatat(AT_FDCWD, "/usr/local/bin/touch", 0x7ffe2dedd610, 0) = -1 ENOENT (Нет такого файла или каталога)
newfstatat(AT_FDCWD, "/usr/sbin/touch", 0x7ffe2dedd610, 0) = -1 ENOENT (Нет такого файла или каталога)
newfstatat(AT_FDCWD, "/usr/bin/touch", {st_mode=S_IFREG|0755, st_size=92680, ...}, 0) = 0
newfstatat(AT_FDCWD, "/usr/bin/touch", {st_mode=S_IFREG|0755, st_size=92680, ...}, 0) = 0
geteuid()                               = 1000
getegid()                               = 1000
getuid()                                = 1000
getgid()                                = 1000
access("/usr/bin/touch", X_OK)          = 0
newfstatat(AT_FDCWD, "/usr/bin/touch", {st_mode=S_IFREG|0755, st_size=92680, ...}, 0) = 0
geteuid()                               = 1000
getegid()                               = 1000
getuid()                                = 1000
getgid()                                = 1000
access("/usr/bin/touch", R_OK)          = 0
newfstatat(AT_FDCWD, "/usr/bin/touch", {st_mode=S_IFREG|0755, st_size=92680, ...}, 0) = 0
newfstatat(AT_FDCWD, "/usr/bin/touch", {st_mode=S_IFREG|0755, st_size=92680, ...}, 0) = 0
geteuid()                               = 1000
getegid()                               = 1000
getuid()                                = 1000
getgid()                                = 1000
access("/usr/bin/touch", X_OK)          = 0
newfstatat(AT_FDCWD, "/usr/bin/touch", {st_mode=S_IFREG|0755, st_size=92680, ...}, 0) = 0
geteuid()                               = 1000
getegid()                               = 1000
getuid()                                = 1000
getgid()                                = 1000
access("/usr/bin/touch", R_OK)          = 0
rt_sigprocmask(SIG_BLOCK, NULL, [], 8)  = 0
rt_sigprocmask(SIG_BLOCK, [INT TERM CHLD], [], 8) = 0
lseek(255, -38, SEEK_CUR)               = 112
clone(child_stack=NULL, flags=CLONE_CHILD_CLEARTID|CLONE_CHILD_SETTID|SIGCHLD, child_tidptr=0x78ccba9e0a10) = 312972
rt_sigprocmask(SIG_SETMASK, [], NULL, 8) = 0
rt_sigprocmask(SIG_BLOCK, [CHLD], [], 8) = 0
rt_sigprocmask(SIG_SETMASK, [], NULL, 8) = 0
rt_sigprocmask(SIG_BLOCK, [CHLD], [], 8) = 0
rt_sigaction(SIGINT, {sa_handler=0x5e1e9bb14e40, sa_mask=[], sa_flags=SA_RESTORER, sa_restorer=0x78ccba642990}, {sa_handler=SIG_DFL, sa_mask=[], sa_flags=SA_RESTORER, sa_restorer=0x78ccba642990}, 8) = 0
wait4(-1, [{WIFEXITED(s) && WEXITSTATUS(s) == 0}], 0, NULL) = 312972
rt_sigaction(SIGINT, {sa_handler=SIG_DFL, sa_mask=[], sa_flags=SA_RESTORER, sa_restorer=0x78ccba642990}, {sa_handler=0x5e1e9bb14e40, sa_mask=[], sa_flags=SA_RESTORER, sa_restorer=0x78ccba642990}, 8) = 0
ioctl(2, TIOCGWINSZ, {ws_row=24, ws_col=80, ws_xpixel=0, ws_ypixel=0}) = 0
ioctl(1, TCGETS, {B38400 opost isig icanon echo ...}) = 0
getuid()                                = 1000
geteuid()                               = 1000
getgid()                                = 1000
getegid()                               = 1000
getuid()                                = 1000
geteuid()                               = 1000
getgid()                                = 1000
getegid()                               = 1000
newfstatat(AT_FDCWD, "/home/julia/.terminfo", 0x5e1e9db2d8c0, 0) = -1 ENOENT (Нет такого файла или каталога)
newfstatat(AT_FDCWD, "/etc/terminfo", {st_mode=S_IFDIR|0755, st_size=4096, ...}, 0) = 0
newfstatat(AT_FDCWD, "/lib/terminfo", {st_mode=S_IFDIR|0755, st_size=4096, ...}, 0) = 0
newfstatat(AT_FDCWD, "/usr/share/terminfo", {st_mode=S_IFDIR|0755, st_size=4096, ...}, 0) = 0
access("/etc/terminfo/x/xterm-256color", R_OK) = -1 ENOENT (Нет такого файла или каталога)
access("/lib/terminfo/x/xterm-256color", R_OK) = 0
openat(AT_FDCWD, "/lib/terminfo/x/xterm-256color", O_RDONLY) = 3
newfstatat(3, "", {st_mode=S_IFREG|0644, st_size=3852, ...}, AT_EMPTY_PATH) = 0
read(3, "\36\2%\0&\0\17\0\235\1Z\6xterm-256color|xterm"..., 32768) = 3852
read(3, "", 28672)                      = 0
close(3)                                = 0
ioctl(1, TCGETS, {B38400 opost isig icanon echo ...}) = 0
ioctl(1, TCGETS, {B38400 opost isig icanon echo ...}) = 0
ioctl(1, TCGETS, {B38400 opost isig icanon echo ...}) = 0
ioctl(1, TCGETS, {B38400 opost isig icanon echo ...}) = 0
ioctl(1, TIOCGWINSZ, {ws_row=24, ws_col=80, ws_xpixel=0, ws_ypixel=0}) = 0
ioctl(0, TIOCGWINSZ, {ws_row=24, ws_col=80, ws_xpixel=0, ws_ypixel=0}) = 0
brk(0x5e1e9db5a000)                     = 0x5e1e9db5a000
rt_sigprocmask(SIG_SETMASK, [], NULL, 8) = 0
--- SIGCHLD {si_signo=SIGCHLD, si_code=CLD_EXITED, si_pid=312972, si_uid=1000, si_status=0, si_utime=0, si_stime=0} ---
wait4(-1, 0x7ffe2dedc990, WNOHANG, NULL) = -1 ECHILD (Нет дочерних процессов)
rt_sigreturn({mask=[]})                 = 0
read(255, "\necho \"Test file\" >> \"$new_file\""..., 150) = 38
openat(AT_FDCWD, "new_dir/.txt", O_WRONLY|O_CREAT|O_APPEND, 0666) = 3
fcntl(1, F_GETFD)                       = 0
fcntl(1, F_DUPFD, 10)                   = 10
fcntl(1, F_GETFD)                       = 0
fcntl(10, F_SETFD, FD_CLOEXEC)          = 0
dup2(3, 1)                              = 1
close(3)                                = 0
newfstatat(1, "", {st_mode=S_IFREG|0664, st_size=0, ...}, AT_EMPTY_PATH) = 0
write(1, "Test file\n", 10)             = 10
dup2(10, 1)                             = 1
fcntl(10, F_GETFD)                      = 0x1 (flags FD_CLOEXEC)
close(10)                               = 0
read(255, "", 150)                      = 0
rt_sigprocmask(SIG_BLOCK, [CHLD], [], 8) = 0
rt_sigprocmask(SIG_SETMASK, [], NULL, 8) = 0
exit_group(0)                           = ?
+++ exited with 0 +++
